src/components/admin/CategoryForm.tsx(37,9): error TS2322: Type 'Resolver<{ name: string; emoji?: string | undefined; sortOrder?: unknown; }, any, { name: string; emoji: string; sortOrder: number; }>' is not assignable to type 'Resolver<{ name: string; emoji: string; sortOrder: number; }, any, { name: string; emoji: string; sortOrder: number; }>'.
  Types of parameters 'options' and 'options' are incompatible.
    Type 'ResolverOptions<{ name: string; emoji: string; sortOrder: number; }>' is not assignable to type 'ResolverOptions<{ name: string; emoji?: string | undefined; sortOrder?: unknown; }>'.
      Type 'string | undefined' is not assignable to type 'string'.
        Type 'undefined' is not assignable to type 'string'.
src/components/admin/CategoryForm.tsx(80,47): error TS2345: Argument of type '(data: CategoryFormValues) => Promise<void>' is not assignable to parameter of type 'SubmitHandler<TFieldValues>'.
  Types of parameters 'data' and 'data' are incompatible.
    Type 'TFieldValues' is not assignable to type '{ name: string; emoji: string; sortOrder: number; }'.
      Type 'FieldValues' is missing the following properties from type '{ name: string; emoji: string; sortOrder: number; }': name, emoji, sortOrder
src/components/admin/CategoryForm.tsx(83,25): error TS2322: Type 'Control<{ name: string; emoji: string; sortOrder: number; }, any, TFieldValues>' is not assignable to type 'Control<{ name: string; emoji: string; sortOrder: number; }, any, { name: string; emoji: string; sortOrder: number; }>'.
  The types of '_options.resolver' are incompatible between these types.
    Type 'Resolver<{ name: string; emoji: string; sortOrder: number; }, any, TFieldValues> | undefined' is not assignable to type 'Resolver<{ name: string; emoji: string; sortOrder: number; }, any, { name: string; emoji: string; sortOrder: number; }> | undefined'.
      Type 'Resolver<{ name: string; emoji: string; sortOrder: number; }, any, TFieldValues>' is not assignable to type 'Resolver<{ name: string; emoji: string; sortOrder: number; }, any, { name: string; emoji: string; sortOrder: number; }>'.
        Type 'ResolverResult<{ name: string; emoji: string; sortOrder: number; }, TFieldValues> | Promise<ResolverResult<{ name: string; emoji: string; sortOrder: number; }, TFieldValues>>' is not assignable to type 'ResolverResult<{ name: string; emoji: string; sortOrder: number; }, { name: string; emoji: string; sortOrder: number; }> | Promise<ResolverResult<{ name: string; emoji: string; sortOrder: number; }, { ...; }>>'.
          Type 'ResolverSuccess<TFieldValues>' is not assignable to type 'ResolverResult<{ name: string; emoji: string; sortOrder: number; }, { name: string; emoji: string; sortOrder: number; }> | Promise<ResolverResult<{ name: string; emoji: string; sortOrder: number; }, { ...; }>>'.
            Type 'ResolverSuccess<TFieldValues>' is not assignable to type 'ResolverSuccess<{ name: string; emoji: string; sortOrder: number; }>'.
              Type 'TFieldValues' is not assignable to type '{ name: string; emoji: string; sortOrder: number; }'.
                Type 'FieldValues' is missing the following properties from type '{ name: string; emoji: string; sortOrder: number; }': name, emoji, sortOrder
src/components/admin/CategoryForm.tsx(97,25): error TS2322: Type 'Control<{ name: string; emoji: string; sortOrder: number; }, any, TFieldValues>' is not assignable to type 'Control<{ name: string; emoji: string; sortOrder: number; }, any, { name: string; emoji: string; sortOrder: number; }>'.
  The types of '_options.resolver' are incompatible between these types.
    Type 'Resolver<{ name: string; emoji: string; sortOrder: number; }, any, TFieldValues> | undefined' is not assignable to type 'Resolver<{ name: string; emoji: string; sortOrder: number; }, any, { name: string; emoji: string; sortOrder: number; }> | undefined'.
      Type 'Resolver<{ name: string; emoji: string; sortOrder: number; }, any, TFieldValues>' is not assignable to type 'Resolver<{ name: string; emoji: string; sortOrder: number; }, any, { name: string; emoji: string; sortOrder: number; }>'.
        Type 'ResolverResult<{ name: string; emoji: string; sortOrder: number; }, TFieldValues> | Promise<ResolverResult<{ name: string; emoji: string; sortOrder: number; }, TFieldValues>>' is not assignable to type 'ResolverResult<{ name: string; emoji: string; sortOrder: number; }, { name: string; emoji: string; sortOrder: number; }> | Promise<ResolverResult<{ name: string; emoji: string; sortOrder: number; }, { ...; }>>'.
          Type 'ResolverSuccess<TFieldValues>' is not assignable to type 'ResolverResult<{ name: string; emoji: string; sortOrder: number; }, { name: string; emoji: string; sortOrder: number; }> | Promise<ResolverResult<{ name: string; emoji: string; sortOrder: number; }, { ...; }>>'.
            Type 'ResolverSuccess<TFieldValues>' is not assignable to type 'ResolverSuccess<{ name: string; emoji: string; sortOrder: number; }>'.
              Type 'TFieldValues' is not assignable to type '{ name: string; emoji: string; sortOrder: number; }'.
                Type 'FieldValues' is missing the following properties from type '{ name: string; emoji: string; sortOrder: number; }': name, emoji, sortOrder
src/components/admin/CategoryForm.tsx(112,25): error TS2322: Type 'Control<{ name: string; emoji: string; sortOrder: number; }, any, TFieldValues>' is not assignable to type 'Control<{ name: string; emoji: string; sortOrder: number; }, any, { name: string; emoji: string; sortOrder: number; }>'.
  The types of '_options.resolver' are incompatible between these types.
    Type 'Resolver<{ name: string; emoji: string; sortOrder: number; }, any, TFieldValues> | undefined' is not assignable to type 'Resolver<{ name: string; emoji: string; sortOrder: number; }, any, { name: string; emoji: string; sortOrder: number; }> | undefined'.
      Type 'Resolver<{ name: string; emoji: string; sortOrder: number; }, any, TFieldValues>' is not assignable to type 'Resolver<{ name: string; emoji: string; sortOrder: number; }, any, { name: string; emoji: string; sortOrder: number; }>'.
        Type 'ResolverResult<{ name: string; emoji: string; sortOrder: number; }, TFieldValues> | Promise<ResolverResult<{ name: string; emoji: string; sortOrder: number; }, TFieldValues>>' is not assignable to type 'ResolverResult<{ name: string; emoji: string; sortOrder: number; }, { name: string; emoji: string; sortOrder: number; }> | Promise<ResolverResult<{ name: string; emoji: string; sortOrder: number; }, { ...; }>>'.
          Type 'ResolverSuccess<TFieldValues>' is not assignable to type 'ResolverResult<{ name: string; emoji: string; sortOrder: number; }, { name: string; emoji: string; sortOrder: number; }> | Promise<ResolverResult<{ name: string; emoji: string; sortOrder: number; }, { ...; }>>'.
            Type 'ResolverSuccess<TFieldValues>' is not assignable to type 'ResolverSuccess<{ name: string; emoji: string; sortOrder: number; }>'.
              Type 'TFieldValues' is not assignable to type '{ name: string; emoji: string; sortOrder: number; }'.
                Type 'FieldValues' is missing the following properties from type '{ name: string; emoji: string; sortOrder: number; }': name, emoji, sortOrder
src/components/admin/ProductForm.tsx(48,9): error TS2322: Type 'Resolver<{ name: string; categoryId: string; price: unknown; description?: string | undefined; imagePath?: string | undefined; isAvailable?: boolean | undefined; sortOrder?: unknown; }, any, { name: string; categoryId: string; ... 4 more ...; sortOrder: number; }>' is not assignable to type 'Resolver<{ name: string; categoryId: string; price: number; description: string; imagePath: string; isAvailable: boolean; sortOrder: number; }, any, { name: string; categoryId: string; price: number; description: string; imagePath: string; isAvailable: boolean; sortOrder: number; }>'.
  Types of parameters 'options' and 'options' are incompatible.
    Type 'ResolverOptions<{ name: string; categoryId: string; price: number; description: string; imagePath: string; isAvailable: boolean; sortOrder: number; }>' is not assignable to type 'ResolverOptions<{ name: string; categoryId: string; price: unknown; description?: string | undefined; imagePath?: string | undefined; isAvailable?: boolean | undefined; sortOrder?: unknown; }>'.
      Type 'unknown' is not assignable to type 'number'.
src/components/admin/ProductForm.tsx(88,47): error TS2345: Argument of type '(data: { name: string; categoryId: string; price: number; description: string; imagePath: string; isAvailable: boolean; sortOrder: number; }) => Promise<void>' is not assignable to parameter of type 'SubmitHandler<TFieldValues>'.
  Types of parameters 'data' and 'data' are incompatible.
    Type 'TFieldValues' is not assignable to type '{ name: string; categoryId: string; price: number; description: string; imagePath: string; isAvailable: boolean; sortOrder: number; }'.
      Type 'FieldValues' is missing the following properties from type '{ name: string; categoryId: string; price: number; description: string; imagePath: string; isAvailable: boolean; sortOrder: number; }': name, categoryId, price, description, and 3 more.
src/components/admin/ProductForm.tsx(92,25): error TS2322: Type 'Control<{ name: string; categoryId: string; price: number; description: string; imagePath: string; isAvailable: boolean; sortOrder: number; }, any, TFieldValues>' is not assignable to type 'Control<{ name: string; categoryId: string; price: number; description: string; imagePath: string; isAvailable: boolean; sortOrder: number; }, any, { name: string; categoryId: string; price: number; description: string; imagePath: string; isAvailable: boolean; sortOrder: number; }>'.
  The types of '_options.resolver' are incompatible between these types.
    Type 'Resolver<{ name: string; categoryId: string; price: number; description: string; imagePath: string; isAvailable: boolean; sortOrder: number; }, any, TFieldValues> | undefined' is not assignable to type 'Resolver<{ name: string; categoryId: string; price: number; description: string; imagePath: string; isAvailable: boolean; sortOrder: number; }, any, { name: string; categoryId: string; price: number; description: string; imagePath: string; isAvailable: boolean; sortOrder: number; }> | undefined'.
      Type 'Resolver<{ name: string; categoryId: string; price: number; description: string; imagePath: string; isAvailable: boolean; sortOrder: number; }, any, TFieldValues>' is not assignable to type 'Resolver<{ name: string; categoryId: string; price: number; description: string; imagePath: string; isAvailable: boolean; sortOrder: number; }, any, { name: string; categoryId: string; price: number; description: string; imagePath: string; isAvailable: boolean; sortOrder: number; }>'.
        Type 'ResolverResult<{ name: string; categoryId: string; price: number; description: string; imagePath: string; isAvailable: boolean; sortOrder: number; }, TFieldValues> | Promise<...>' is not assignable to type 'ResolverResult<{ name: string; categoryId: string; price: number; description: string; imagePath: string; isAvailable: boolean; sortOrder: number; }, { name: string; categoryId: string; price: number; description: string; imagePath: string; isAvailable: boolean; sortOrder: number; }> | Promise<...>'.
          Type 'ResolverSuccess<TFieldValues>' is not assignable to type 'ResolverResult<{ name: string; categoryId: string; price: number; description: string; imagePath: string; isAvailable: boolean; sortOrder: number; }, { name: string; categoryId: string; price: number; description: string; imagePath: string; isAvailable: boolean; sortOrder: number; }> | Promise<...>'.
            Type 'ResolverSuccess<TFieldValues>' is not assignable to type 'ResolverSuccess<{ name: string; categoryId: string; price: number; description: string; imagePath: string; isAvailable: boolean; sortOrder: number; }>'.
              Type 'TFieldValues' is not assignable to type '{ name: string; categoryId: string; price: number; description: string; imagePath: string; isAvailable: boolean; sortOrder: number; }'.
                Type 'FieldValues' is missing the following properties from type '{ name: string; categoryId: string; price: number; description: string; imagePath: string; isAvailable: boolean; sortOrder: number; }': name, categoryId, price, description, and 3 more.
src/components/admin/ProductForm.tsx(107,25): error TS2322: Type 'Control<{ name: string; categoryId: string; price: number; description: string; imagePath: string; isAvailable: boolean; sortOrder: number; }, any, TFieldValues>' is not assignable to type 'Control<{ name: string; categoryId: string; price: number; description: string; imagePath: string; isAvailable: boolean; sortOrder: number; }, any, { name: string; categoryId: string; price: number; description: string; imagePath: string; isAvailable: boolean; sortOrder: number; }>'.
  The types of '_options.resolver' are incompatible between these types.
    Type 'Resolver<{ name: string; categoryId: string; price: number; description: string; imagePath: string; isAvailable: boolean; sortOrder: number; }, any, TFieldValues> | undefined' is not assignable to type 'Resolver<{ name: string; categoryId: string; price: number; description: string; imagePath: string; isAvailable: boolean; sortOrder: number; }, any, { name: string; categoryId: string; price: number; description: string; imagePath: string; isAvailable: boolean; sortOrder: number; }> | undefined'.
      Type 'Resolver<{ name: string; categoryId: string; price: number; description: string; imagePath: string; isAvailable: boolean; sortOrder: number; }, any, TFieldValues>' is not assignable to type 'Resolver<{ name: string; categoryId: string; price: number; description: string; imagePath: string; isAvailable: boolean; sortOrder: number; }, any, { name: string; categoryId: string; price: number; description: string; imagePath: string; isAvailable: boolean; sortOrder: number; }>'.
        Type 'ResolverResult<{ name: string; categoryId: string; price: number; description: string; imagePath: string; isAvailable: boolean; sortOrder: number; }, TFieldValues> | Promise<...>' is not assignable to type 'ResolverResult<{ name: string; categoryId: string; price: number; description: string; imagePath: string; isAvailable: boolean; sortOrder: number; }, { name: string; categoryId: string; price: number; description: string; imagePath: string; isAvailable: boolean; sortOrder: number; }> | Promise<...>'.
          Type 'ResolverSuccess<TFieldValues>' is not assignable to type 'ResolverResult<{ name: string; categoryId: string; price: number; description: string; imagePath: string; isAvailable: boolean; sortOrder: number; }, { name: string; categoryId: string; price: number; description: string; imagePath: string; isAvailable: boolean; sortOrder: number; }> | Promise<...>'.
            Type 'ResolverSuccess<TFieldValues>' is not assignable to type 'ResolverSuccess<{ name: string; categoryId: string; price: number; description: string; imagePath: string; isAvailable: boolean; sortOrder: number; }>'.
              Type 'TFieldValues' is not assignable to type '{ name: string; categoryId: string; price: number; description: string; imagePath: string; isAvailable: boolean; sortOrder: number; }'.
                Type 'FieldValues' is missing the following properties from type '{ name: string; categoryId: string; price: number; description: string; imagePath: string; isAvailable: boolean; sortOrder: number; }': name, categoryId, price, description, and 3 more.
src/components/admin/ProductForm.tsx(137,25): error TS2322: Type 'Control<{ name: string; categoryId: string; price: number; description: string; imagePath: string; isAvailable: boolean; sortOrder: number; }, any, TFieldValues>' is not assignable to type 'Control<{ name: string; categoryId: string; price: number; description: string; imagePath: string; isAvailable: boolean; sortOrder: number; }, any, { name: string; categoryId: string; price: number; description: string; imagePath: string; isAvailable: boolean; sortOrder: number; }>'.
  The types of '_options.resolver' are incompatible between these types.
    Type 'Resolver<{ name: string; categoryId: string; price: number; description: string; imagePath: string; isAvailable: boolean; sortOrder: number; }, any, TFieldValues> | undefined' is not assignable to type 'Resolver<{ name: string; categoryId: string; price: number; description: string; imagePath: string; isAvailable: boolean; sortOrder: number; }, any, { name: string; categoryId: string; price: number; description: string; imagePath: string; isAvailable: boolean; sortOrder: number; }> | undefined'.
      Type 'Resolver<{ name: string; categoryId: string; price: number; description: string; imagePath: string; isAvailable: boolean; sortOrder: number; }, any, TFieldValues>' is not assignable to type 'Resolver<{ name: string; categoryId: string; price: number; description: string; imagePath: string; isAvailable: boolean; sortOrder: number; }, any, { name: string; categoryId: string; price: number; description: string; imagePath: string; isAvailable: boolean; sortOrder: number; }>'.
        Type 'ResolverResult<{ name: string; categoryId: string; price: number; description: string; imagePath: string; isAvailable: boolean; sortOrder: number; }, TFieldValues> | Promise<...>' is not assignable to type 'ResolverResult<{ name: string; categoryId: string; price: number; description: string; imagePath: string; isAvailable: boolean; sortOrder: number; }, { name: string; categoryId: string; price: number; description: string; imagePath: string; isAvailable: boolean; sortOrder: number; }> | Promise<...>'.
          Type 'ResolverSuccess<TFieldValues>' is not assignable to type 'ResolverResult<{ name: string; categoryId: string; price: number; description: string; imagePath: string; isAvailable: boolean; sortOrder: number; }, { name: string; categoryId: string; price: number; description: string; imagePath: string; isAvailable: boolean; sortOrder: number; }> | Promise<...>'.
            Type 'ResolverSuccess<TFieldValues>' is not assignable to type 'ResolverSuccess<{ name: string; categoryId: string; price: number; description: string; imagePath: string; isAvailable: boolean; sortOrder: number; }>'.
              Type 'TFieldValues' is not assignable to type '{ name: string; categoryId: string; price: number; description: string; imagePath: string; isAvailable: boolean; sortOrder: number; }'.
                Type 'FieldValues' is missing the following properties from type '{ name: string; categoryId: string; price: number; description: string; imagePath: string; isAvailable: boolean; sortOrder: number; }': name, categoryId, price, description, and 3 more.
src/components/admin/ProductForm.tsx(159,25): error TS2322: Type 'Control<{ name: string; categoryId: string; price: number; description: string; imagePath: string; isAvailable: boolean; sortOrder: number; }, any, TFieldValues>' is not assignable to type 'Control<{ name: string; categoryId: string; price: number; description: string; imagePath: string; isAvailable: boolean; sortOrder: number; }, any, { name: string; categoryId: string; price: number; description: string; imagePath: string; isAvailable: boolean; sortOrder: number; }>'.
  The types of '_options.resolver' are incompatible between these types.
    Type 'Resolver<{ name: string; categoryId: string; price: number; description: string; imagePath: string; isAvailable: boolean; sortOrder: number; }, any, TFieldValues> | undefined' is not assignable to type 'Resolver<{ name: string; categoryId: string; price: number; description: string; imagePath: string; isAvailable: boolean; sortOrder: number; }, any, { name: string; categoryId: string; price: number; description: string; imagePath: string; isAvailable: boolean; sortOrder: number; }> | undefined'.
      Type 'Resolver<{ name: string; categoryId: string; price: number; description: string; imagePath: string; isAvailable: boolean; sortOrder: number; }, any, TFieldValues>' is not assignable to type 'Resolver<{ name: string; categoryId: string; price: number; description: string; imagePath: string; isAvailable: boolean; sortOrder: number; }, any, { name: string; categoryId: string; price: number; description: string; imagePath: string; isAvailable: boolean; sortOrder: number; }>'.
        Type 'ResolverResult<{ name: string; categoryId: string; price: number; description: string; imagePath: string; isAvailable: boolean; sortOrder: number; }, TFieldValues> | Promise<...>' is not assignable to type 'ResolverResult<{ name: string; categoryId: string; price: number; description: string; imagePath: string; isAvailable: boolean; sortOrder: number; }, { name: string; categoryId: string; price: number; description: string; imagePath: string; isAvailable: boolean; sortOrder: number; }> | Promise<...>'.
          Type 'ResolverSuccess<TFieldValues>' is not assignable to type 'ResolverResult<{ name: string; categoryId: string; price: number; description: string; imagePath: string; isAvailable: boolean; sortOrder: number; }, { name: string; categoryId: string; price: number; description: string; imagePath: string; isAvailable: boolean; sortOrder: number; }> | Promise<...>'.
            Type 'ResolverSuccess<TFieldValues>' is not assignable to type 'ResolverSuccess<{ name: string; categoryId: string; price: number; description: string; imagePath: string; isAvailable: boolean; sortOrder: number; }>'.
              Type 'TFieldValues' is not assignable to type '{ name: string; categoryId: string; price: number; description: string; imagePath: string; isAvailable: boolean; sortOrder: number; }'.
                Type 'FieldValues' is missing the following properties from type '{ name: string; categoryId: string; price: number; description: string; imagePath: string; isAvailable: boolean; sortOrder: number; }': name, categoryId, price, description, and 3 more.
src/components/admin/ProductForm.tsx(183,25): error TS2322: Type 'Control<{ name: string; categoryId: string; price: number; description: string; imagePath: string; isAvailable: boolean; sortOrder: number; }, any, TFieldValues>' is not assignable to type 'Control<{ name: string; categoryId: string; price: number; description: string; imagePath: string; isAvailable: boolean; sortOrder: number; }, any, { name: string; categoryId: string; price: number; description: string; imagePath: string; isAvailable: boolean; sortOrder: number; }>'.
  The types of '_options.resolver' are incompatible between these types.
    Type 'Resolver<{ name: string; categoryId: string; price: number; description: string; imagePath: string; isAvailable: boolean; sortOrder: number; }, any, TFieldValues> | undefined' is not assignable to type 'Resolver<{ name: string; categoryId: string; price: number; description: string; imagePath: string; isAvailable: boolean; sortOrder: number; }, any, { name: string; categoryId: string; price: number; description: string; imagePath: string; isAvailable: boolean; sortOrder: number; }> | undefined'.
      Type 'Resolver<{ name: string; categoryId: string; price: number; description: string; imagePath: string; isAvailable: boolean; sortOrder: number; }, any, TFieldValues>' is not assignable to type 'Resolver<{ name: string; categoryId: string; price: number; description: string; imagePath: string; isAvailable: boolean; sortOrder: number; }, any, { name: string; categoryId: string; price: number; description: string; imagePath: string; isAvailable: boolean; sortOrder: number; }>'.
        Type 'ResolverResult<{ name: string; categoryId: string; price: number; description: string; imagePath: string; isAvailable: boolean; sortOrder: number; }, TFieldValues> | Promise<...>' is not assignable to type 'ResolverResult<{ name: string; categoryId: string; price: number; description: string; imagePath: string; isAvailable: boolean; sortOrder: number; }, { name: string; categoryId: string; price: number; description: string; imagePath: string; isAvailable: boolean; sortOrder: number; }> | Promise<...>'.
          Type 'ResolverSuccess<TFieldValues>' is not assignable to type 'ResolverResult<{ name: string; categoryId: string; price: number; description: string; imagePath: string; isAvailable: boolean; sortOrder: number; }, { name: string; categoryId: string; price: number; description: string; imagePath: string; isAvailable: boolean; sortOrder: number; }> | Promise<...>'.
            Type 'ResolverSuccess<TFieldValues>' is not assignable to type 'ResolverSuccess<{ name: string; categoryId: string; price: number; description: string; imagePath: string; isAvailable: boolean; sortOrder: number; }>'.
              Type 'TFieldValues' is not assignable to type '{ name: string; categoryId: string; price: number; description: string; imagePath: string; isAvailable: boolean; sortOrder: number; }'.
                Type 'FieldValues' is missing the following properties from type '{ name: string; categoryId: string; price: number; description: string; imagePath: string; isAvailable: boolean; sortOrder: number; }': name, categoryId, price, description, and 3 more.
src/components/admin/ProductForm.tsx(202,25): error TS2322: Type 'Control<{ name: string; categoryId: string; price: number; description: string; imagePath: string; isAvailable: boolean; sortOrder: number; }, any, TFieldValues>' is not assignable to type 'Control<{ name: string; categoryId: string; price: number; description: string; imagePath: string; isAvailable: boolean; sortOrder: number; }, any, { name: string; categoryId: string; price: number; description: string; imagePath: string; isAvailable: boolean; sortOrder: number; }>'.
  The types of '_options.resolver' are incompatible between these types.
    Type 'Resolver<{ name: string; categoryId: string; price: number; description: string; imagePath: string; isAvailable: boolean; sortOrder: number; }, any, TFieldValues> | undefined' is not assignable to type 'Resolver<{ name: string; categoryId: string; price: number; description: string; imagePath: string; isAvailable: boolean; sortOrder: number; }, any, { name: string; categoryId: string; price: number; description: string; imagePath: string; isAvailable: boolean; sortOrder: number; }> | undefined'.
      Type 'Resolver<{ name: string; categoryId: string; price: number; description: string; imagePath: string; isAvailable: boolean; sortOrder: number; }, any, TFieldValues>' is not assignable to type 'Resolver<{ name: string; categoryId: string; price: number; description: string; imagePath: string; isAvailable: boolean; sortOrder: number; }, any, { name: string; categoryId: string; price: number; description: string; imagePath: string; isAvailable: boolean; sortOrder: number; }>'.
        Type 'ResolverResult<{ name: string; categoryId: string; price: number; description: string; imagePath: string; isAvailable: boolean; sortOrder: number; }, TFieldValues> | Promise<...>' is not assignable to type 'ResolverResult<{ name: string; categoryId: string; price: number; description: string; imagePath: string; isAvailable: boolean; sortOrder: number; }, { name: string; categoryId: string; price: number; description: string; imagePath: string; isAvailable: boolean; sortOrder: number; }> | Promise<...>'.
          Type 'ResolverSuccess<TFieldValues>' is not assignable to type 'ResolverResult<{ name: string; categoryId: string; price: number; description: string; imagePath: string; isAvailable: boolean; sortOrder: number; }, { name: string; categoryId: string; price: number; description: string; imagePath: string; isAvailable: boolean; sortOrder: number; }> | Promise<...>'.
            Type 'ResolverSuccess<TFieldValues>' is not assignable to type 'ResolverSuccess<{ name: string; categoryId: string; price: number; description: string; imagePath: string; isAvailable: boolean; sortOrder: number; }>'.
              Type 'TFieldValues' is not assignable to type '{ name: string; categoryId: string; price: number; description: string; imagePath: string; isAvailable: boolean; sortOrder: number; }'.
                Type 'FieldValues' is missing the following properties from type '{ name: string; categoryId: string; price: number; description: string; imagePath: string; isAvailable: boolean; sortOrder: number; }': name, categoryId, price, description, and 3 more.
src/components/admin/ProductForm.tsx(223,25): error TS2322: Type 'Control<{ name: string; categoryId: string; price: number; description: string; imagePath: string; isAvailable: boolean; sortOrder: number; }, any, TFieldValues>' is not assignable to type 'Control<{ name: string; categoryId: string; price: number; description: string; imagePath: string; isAvailable: boolean; sortOrder: number; }, any, { name: string; categoryId: string; price: number; description: string; imagePath: string; isAvailable: boolean; sortOrder: number; }>'.
  The types of '_options.resolver' are incompatible between these types.
    Type 'Resolver<{ name: string; categoryId: string; price: number; description: string; imagePath: string; isAvailable: boolean; sortOrder: number; }, any, TFieldValues> | undefined' is not assignable to type 'Resolver<{ name: string; categoryId: string; price: number; description: string; imagePath: string; isAvailable: boolean; sortOrder: number; }, any, { name: string; categoryId: string; price: number; description: string; imagePath: string; isAvailable: boolean; sortOrder: number; }> | undefined'.
      Type 'Resolver<{ name: string; categoryId: string; price: number; description: string; imagePath: string; isAvailable: boolean; sortOrder: number; }, any, TFieldValues>' is not assignable to type 'Resolver<{ name: string; categoryId: string; price: number; description: string; imagePath: string; isAvailable: boolean; sortOrder: number; }, any, { name: string; categoryId: string; price: number; description: string; imagePath: string; isAvailable: boolean; sortOrder: number; }>'.
        Type 'ResolverResult<{ name: string; categoryId: string; price: number; description: string; imagePath: string; isAvailable: boolean; sortOrder: number; }, TFieldValues> | Promise<...>' is not assignable to type 'ResolverResult<{ name: string; categoryId: string; price: number; description: string; imagePath: string; isAvailable: boolean; sortOrder: number; }, { name: string; categoryId: string; price: number; description: string; imagePath: string; isAvailable: boolean; sortOrder: number; }> | Promise<...>'.
          Type 'ResolverSuccess<TFieldValues>' is not assignable to type 'ResolverResult<{ name: string; categoryId: string; price: number; description: string; imagePath: string; isAvailable: boolean; sortOrder: number; }, { name: string; categoryId: string; price: number; description: string; imagePath: string; isAvailable: boolean; sortOrder: number; }> | Promise<...>'.
            Type 'ResolverSuccess<TFieldValues>' is not assignable to type 'ResolverSuccess<{ name: string; categoryId: string; price: number; description: string; imagePath: string; isAvailable: boolean; sortOrder: number; }>'.
              Type 'TFieldValues' is not assignable to type '{ name: string; categoryId: string; price: number; description: string; imagePath: string; isAvailable: boolean; sortOrder: number; }'.
                Type 'FieldValues' is missing the following properties from type '{ name: string; categoryId: string; price: number; description: string; imagePath: string; isAvailable: boolean; sortOrder: number; }': name, categoryId, price, description, and 3 more.
